<?xml version="1.0" encoding="UTF-8"?>
<testng-results skipped="0" failed="0" ignored="0" total="1" passed="1">
  <reporter-output>
  </reporter-output>
  <suite name="Default suite" duration-ms="33647" started-at="2020-03-08T00:45:00 IST" finished-at="2020-03-08T00:45:34 IST">
    <groups>
    </groups>
    <test name="Default test" duration-ms="33647" started-at="2020-03-08T00:45:00 IST" finished-at="2020-03-08T00:45:34 IST">
      <class name="com.luxepass.qa.tests.Signuppageflowtest">
        <test-method status="PASS" signature="setUp()[pri:0, instance:com.luxepass.qa.tests.Signuppageflowtest@72b6cbcc]" name="setUp" is-config="true" duration-ms="15164" started-at="2020-03-08T00:45:00 IST" finished-at="2020-03-08T00:45:15 IST">
          <reporter-output>
          </reporter-output>
        </test-method> <!-- setUp -->
        <test-method status="PASS" signature="signupPagesignuptest()[pri:1, instance:com.luxepass.qa.tests.Signuppageflowtest@72b6cbcc]" name="signupPagesignuptest" duration-ms="18401" started-at="2020-03-08T00:45:15 IST" finished-at="2020-03-08T00:45:34 IST">
          <reporter-output>
          </reporter-output>
        </test-method> <!-- signupPagesignuptest -->
      </class> <!-- com.luxepass.qa.tests.Signuppageflowtest -->
    </test> <!-- Default test -->
  </suite> <!-- Default suite -->
</testng-results>
